segment_juncs v2.0.14 (4318)
---------------------------
[samopen] SAM header is present: 1 sequences.
Loading reference sequences...
	Loading 4...done
	Loading ...done
>> Performing segment-search:
Loading left segment hits...
done.
	found 310 potential split-segment junctions
	found 0 potential small deletions
	found 0 potential small insertions
>> Performing coverage-search:
 Map covers 25164 bases
 Map covers 24625 bases in sufficiently long segments
 Map contains 537 good islands
 26668 are left looking bases
 26649 are right looking bases
Collecting potential splice sites in islands
reporting synthetic splice junctions...
Examining donor-acceptor pairings in 4
	found 314 potential junctions
Reported 444 total potential splices
Reporting 0 potential deletions...
Reporting 0 potential insertions...
Reporting potential fusions...
